Using pre-set license
Built from '2020.3/staging' branch; Version is '2020.3.4f1 (0abb6314276a) revision 703331'; Using compiler version '192528614'; Build Type 'Release'
OS: 'Windows 10 Enterprise LTSC 2019; OS build 17763.2686; Version 1809; 64bit' Language: 'ru' Physical Memory: 8144 MB
BatchMode: 1, IsHumanControllingUs: 0, StartBugReporterOnCrash: 0, Is64bit: 1, IsPro: 0

 COMMAND LINE ARGUMENTS:
C:\Program Files\Unity\Hub\Editor\2020.3.4f1\Editor\Unity.exe
-adb2
-batchMode
-noUpm
-name
AssetImportWorker0
-projectPath
H:/unitygames/profsoyuz_test
-logFile
Logs/AssetImportWorker0.log
-srvPort
50736
Successfully changed project path to: H:/unitygames/profsoyuz_test
H:/unitygames/profsoyuz_test
Using Asset Import Pipeline V2.
Refreshing native plugins compatible for Editor in 32.01 ms, found 0 plugins.
Preloading 0 native plugins for Editor in 0.00 ms.
Initialize engine version: 2020.3.4f1 (0abb6314276a)
[Subsystems] Discovering subsystems at path C:/Program Files/Unity/Hub/Editor/2020.3.4f1/Editor/Data/Resources/UnitySubsystems
[Subsystems] Discovering subsystems at path H:/unitygames/profsoyuz_test/Assets
GfxDevice: creating device client; threaded=0
Direct3D:
    Version:  Direct3D 11.0 [level 11.1]
    Renderer: Radeon (TM) RX 470 Graphics (ID=0x67df)
    Vendor:   
    VRAM:     4075 MB
    Driver:   30.0.14011.3017
Initialize mono
Mono path[0] = 'C:/Program Files/Unity/Hub/Editor/2020.3.4f1/Editor/Data/Managed'
Mono path[1] = 'C:/Program Files/Unity/Hub/Editor/2020.3.4f1/Editor/Data/MonoBleedingEdge/lib/mono/unityjit'
Mono config path = 'C:/Program Files/Unity/Hub/Editor/2020.3.4f1/Editor/Data/MonoBleedingEdge/etc'
Using monoOptions --debugger-agent=transport=dt_socket,embedding=1,server=y,suspend=n,address=127.0.0.1:56304
Begin MonoManager ReloadAssembly
Registering precompiled unity dll's ...
Register platform support module: C:/Program Files/Unity/Hub/Editor/2020.3.4f1/Editor/Data/PlaybackEngines/WindowsStandaloneSupport/UnityEditor.WindowsStandalone.Extensions.dll
Registered in 0.001549 seconds.
Native extension for WindowsStandalone target not found
Refreshing native plugins compatible for Editor in 25.17 ms, found 0 plugins.
Preloading 0 native plugins for Editor in 0.00 ms.
Mono: successfully reloaded assembly
- Completed reload, in  2.392 seconds
Platform modules already initialized, skipping
Registering precompiled user dll's ...
Registered in 0.000732 seconds.
Begin MonoManager ReloadAssembly
Native extension for WindowsStandalone target not found
Refreshing native plugins compatible for Editor in 0.30 ms, found 0 plugins.
Preloading 0 native plugins for Editor in 0.00 ms.
Mono: successfully reloaded assembly
- Completed reload, in  1.034 seconds
Platform modules already initialized, skipping
========================================================================
Worker process is ready to serve import requests
Launched and connected shader compiler UnityShaderCompiler.exe after 0.06 seconds
Refreshing native plugins compatible for Editor in 0.34 ms, found 0 plugins.
Preloading 0 native plugins for Editor in 0.00 ms.
Unloading 1119 Unused Serialized files (Serialized files now loaded: 0)
System memory in use before: 57.4 MB.
System memory in use after: 57.4 MB.

Unloading 10 unused Assets to reduce memory usage. Loaded Objects now: 1562.
Total: 1.952500 ms (FindLiveObjects: 0.154200 ms CreateObjectMapping: 0.045700 ms MarkObjects: 1.652700 ms  DeleteObjects: 0.098600 ms)

========================================================================
Received Import Request.
  path: Assets/FBX/house.fbx
  artifactKey: Guid(0ed8d6b544ee46c42936edee6d51c551) Importer(815301076,1909f56bfc062723c751e8b465ee728b)
Start importing Assets/FBX/house.fbx using Guid(0ed8d6b544ee46c42936edee6d51c551) Importer(815301076,1909f56bfc062723c751e8b465ee728b)  -> (artifact id: 'bd2ebd18d08d1e3d2fd689b5dd3bfb57') in 0.827133 seconds
  Import took 0.830151 seconds .

========================================================================
Received Import Request.
  Time since last request: 58.707646 seconds.
  path: Assets/Materials/Red.mat
  artifactKey: Guid(e8e5f932a796b734882fc04c0600fd66) Importer(815301076,1909f56bfc062723c751e8b465ee728b)
Start importing Assets/Materials/Red.mat using Guid(e8e5f932a796b734882fc04c0600fd66) Importer(815301076,1909f56bfc062723c751e8b465ee728b)  -> (artifact id: 'ed7a82d678f6f694066f1a4dba65b1c5') in 0.083353 seconds
  Import took 0.085797 seconds .

========================================================================
Received Import Request.
  Time since last request: 21.866020 seconds.
  path: Assets/Materials/Walls.mat
  artifactKey: Guid(b647eb51fde1b814fa0019277ba8dd95) Importer(815301076,1909f56bfc062723c751e8b465ee728b)
Start importing Assets/Materials/Walls.mat using Guid(b647eb51fde1b814fa0019277ba8dd95) Importer(815301076,1909f56bfc062723c751e8b465ee728b)  -> (artifact id: 'bf0483d2fffaefa062427b04e58d763d') in 0.020768 seconds
  Import took 0.023466 seconds .

========================================================================
Received Prepare
Registering precompiled user dll's ...
Registered in 0.000594 seconds.
Begin MonoManager ReloadAssembly
Native extension for WindowsStandalone target not found
Refreshing native plugins compatible for Editor in 0.27 ms, found 0 plugins.
Preloading 0 native plugins for Editor in 0.00 ms.
Mono: successfully reloaded assembly
- Completed reload, in  0.903 seconds
Platform modules already initialized, skipping
Refreshing native plugins compatible for Editor in 0.22 ms, found 0 plugins.
Preloading 0 native plugins for Editor in 0.00 ms.
Unloading 1114 Unused Serialized files (Serialized files now loaded: 0)
System memory in use before: 60.7 MB.
System memory in use after: 60.8 MB.

Unloading 6 unused Assets to reduce memory usage. Loaded Objects now: 1608.
Total: 1.869900 ms (FindLiveObjects: 0.144800 ms CreateObjectMapping: 0.039900 ms MarkObjects: 1.586300 ms  DeleteObjects: 0.097600 ms)

========================================================================
Received Import Request.
  Time since last request: 473.131934 seconds.
  path: Assets/Materials/Walls.mat
  artifactKey: Guid(b647eb51fde1b814fa0019277ba8dd95) Importer(815301076,1909f56bfc062723c751e8b465ee728b)
Start importing Assets/Materials/Walls.mat using Guid(b647eb51fde1b814fa0019277ba8dd95) Importer(815301076,1909f56bfc062723c751e8b465ee728b)  -> (artifact id: '7a4a197a5a65567b99bd610cb81d6c6f') in 0.072248 seconds
  Import took 0.074710 seconds .

========================================================================
Received Prepare
Registering precompiled user dll's ...
Registered in 0.000597 seconds.
Begin MonoManager ReloadAssembly
Native extension for WindowsStandalone target not found
Refreshing native plugins compatible for Editor in 0.27 ms, found 0 plugins.
Preloading 0 native plugins for Editor in 0.00 ms.
Mono: successfully reloaded assembly
- Completed reload, in  2.375 seconds
Platform modules already initialized, skipping
Refreshing native plugins compatible for Editor in 0.21 ms, found 0 plugins.
Preloading 0 native plugins for Editor in 0.00 ms.
Unloading 1114 Unused Serialized files (Serialized files now loaded: 0)
System memory in use before: 60.8 MB.
System memory in use after: 60.8 MB.

Unloading 5 unused Assets to reduce memory usage. Loaded Objects now: 1612.
Total: 1.753200 ms (FindLiveObjects: 0.140300 ms CreateObjectMapping: 0.041300 ms MarkObjects: 1.442400 ms  DeleteObjects: 0.128100 ms)

========================================================================
Received Prepare
Registering precompiled user dll's ...
Registered in 0.000570 seconds.
Begin MonoManager ReloadAssembly
Native extension for WindowsStandalone target not found
Refreshing native plugins compatible for Editor in 0.22 ms, found 0 plugins.
Preloading 0 native plugins for Editor in 0.00 ms.
Mono: successfully reloaded assembly
- Completed reload, in  0.940 seconds
Platform modules already initialized, skipping
Refreshing native plugins compatible for Editor in 0.20 ms, found 0 plugins.
Preloading 0 native plugins for Editor in 0.00 ms.
Unloading 1114 Unused Serialized files (Serialized files now loaded: 0)
System memory in use before: 60.8 MB.
System memory in use after: 60.9 MB.

Unloading 5 unused Assets to reduce memory usage. Loaded Objects now: 1615.
Total: 1.940300 ms (FindLiveObjects: 0.173200 ms CreateObjectMapping: 0.058800 ms MarkObjects: 1.626600 ms  DeleteObjects: 0.080800 ms)

========================================================================
Received Prepare
Registering precompiled user dll's ...
Registered in 0.000601 seconds.
Begin MonoManager ReloadAssembly
Native extension for WindowsStandalone target not found
Refreshing native plugins compatible for Editor in 0.22 ms, found 0 plugins.
Preloading 0 native plugins for Editor in 0.00 ms.
Mono: successfully reloaded assembly
- Completed reload, in  0.991 seconds
Platform modules already initialized, skipping
Refreshing native plugins compatible for Editor in 0.21 ms, found 0 plugins.
Preloading 0 native plugins for Editor in 0.00 ms.
Unloading 1114 Unused Serialized files (Serialized files now loaded: 0)
System memory in use before: 60.8 MB.
System memory in use after: 60.9 MB.

Unloading 5 unused Assets to reduce memory usage. Loaded Objects now: 1618.
Total: 1.803200 ms (FindLiveObjects: 0.133600 ms CreateObjectMapping: 0.033800 ms MarkObjects: 1.550800 ms  DeleteObjects: 0.084000 ms)

========================================================================
Received Prepare
Registering precompiled user dll's ...
Registered in 0.000550 seconds.
Begin MonoManager ReloadAssembly
Native extension for WindowsStandalone target not found
Refreshing native plugins compatible for Editor in 0.24 ms, found 0 plugins.
Preloading 0 native plugins for Editor in 0.00 ms.
Mono: successfully reloaded assembly
- Completed reload, in  0.915 seconds
Platform modules already initialized, skipping
Refreshing native plugins compatible for Editor in 0.20 ms, found 0 plugins.
Preloading 0 native plugins for Editor in 0.00 ms.
Unloading 1114 Unused Serialized files (Serialized files now loaded: 0)
System memory in use before: 60.8 MB.
System memory in use after: 60.9 MB.

Unloading 5 unused Assets to reduce memory usage. Loaded Objects now: 1621.
Total: 1.721500 ms (FindLiveObjects: 0.170800 ms CreateObjectMapping: 0.043800 ms MarkObjects: 1.423100 ms  DeleteObjects: 0.082900 ms)

========================================================================
Received Prepare
Registering precompiled user dll's ...
Registered in 0.000644 seconds.
Begin MonoManager ReloadAssembly
Native extension for WindowsStandalone target not found
Refreshing native plugins compatible for Editor in 0.22 ms, found 0 plugins.
Preloading 0 native plugins for Editor in 0.00 ms.
Mono: successfully reloaded assembly
- Completed reload, in  0.917 seconds
Platform modules already initialized, skipping
Refreshing native plugins compatible for Editor in 0.30 ms, found 0 plugins.
Preloading 0 native plugins for Editor in 0.00 ms.
Unloading 1114 Unused Serialized files (Serialized files now loaded: 0)
System memory in use before: 60.8 MB.
System memory in use after: 60.9 MB.

Unloading 5 unused Assets to reduce memory usage. Loaded Objects now: 1624.
Total: 1.950400 ms (FindLiveObjects: 0.201300 ms CreateObjectMapping: 0.036900 ms MarkObjects: 1.627500 ms  DeleteObjects: 0.083200 ms)

========================================================================
Received Prepare
Registering precompiled user dll's ...
Registered in 0.000595 seconds.
Begin MonoManager ReloadAssembly
Native extension for WindowsStandalone target not found
Refreshing native plugins compatible for Editor in 0.22 ms, found 0 plugins.
Preloading 0 native plugins for Editor in 0.00 ms.
Mono: successfully reloaded assembly
- Completed reload, in  0.914 seconds
Platform modules already initialized, skipping
Refreshing native plugins compatible for Editor in 0.20 ms, found 0 plugins.
Preloading 0 native plugins for Editor in 0.00 ms.
Unloading 1114 Unused Serialized files (Serialized files now loaded: 0)
System memory in use before: 60.8 MB.
System memory in use after: 60.9 MB.

Unloading 5 unused Assets to reduce memory usage. Loaded Objects now: 1627.
Total: 1.971500 ms (FindLiveObjects: 0.191000 ms CreateObjectMapping: 0.043300 ms MarkObjects: 1.630500 ms  DeleteObjects: 0.105700 ms)

========================================================================
Received Prepare
Registering precompiled user dll's ...
Registered in 0.000554 seconds.
Begin MonoManager ReloadAssembly
Native extension for WindowsStandalone target not found
Refreshing native plugins compatible for Editor in 0.23 ms, found 0 plugins.
Preloading 0 native plugins for Editor in 0.00 ms.
Mono: successfully reloaded assembly
- Completed reload, in  0.919 seconds
Platform modules already initialized, skipping
Refreshing native plugins compatible for Editor in 0.29 ms, found 0 plugins.
Preloading 0 native plugins for Editor in 0.00 ms.
Unloading 1114 Unused Serialized files (Serialized files now loaded: 0)
System memory in use before: 60.8 MB.
System memory in use after: 60.9 MB.

Unloading 5 unused Assets to reduce memory usage. Loaded Objects now: 1630.
Total: 1.676900 ms (FindLiveObjects: 0.166800 ms CreateObjectMapping: 0.036800 ms MarkObjects: 1.396000 ms  DeleteObjects: 0.076400 ms)

========================================================================
Received Prepare
Registering precompiled user dll's ...
Registered in 0.000534 seconds.
Begin MonoManager ReloadAssembly
Native extension for WindowsStandalone target not found
Refreshing native plugins compatible for Editor in 0.24 ms, found 0 plugins.
Preloading 0 native plugins for Editor in 0.00 ms.
Mono: successfully reloaded assembly
- Completed reload, in  0.940 seconds
Platform modules already initialized, skipping
Refreshing native plugins compatible for Editor in 0.20 ms, found 0 plugins.
Preloading 0 native plugins for Editor in 0.00 ms.
Unloading 1114 Unused Serialized files (Serialized files now loaded: 0)
System memory in use before: 60.8 MB.
System memory in use after: 60.9 MB.

Unloading 5 unused Assets to reduce memory usage. Loaded Objects now: 1633.
Total: 1.807600 ms (FindLiveObjects: 0.235300 ms CreateObjectMapping: 0.037800 ms MarkObjects: 1.395100 ms  DeleteObjects: 0.138400 ms)

========================================================================
Received Prepare
Registering precompiled user dll's ...
Registered in 0.000532 seconds.
Begin MonoManager ReloadAssembly
Native extension for WindowsStandalone target not found
Refreshing native plugins compatible for Editor in 0.23 ms, found 0 plugins.
Preloading 0 native plugins for Editor in 0.00 ms.
Mono: successfully reloaded assembly
- Completed reload, in  0.931 seconds
Platform modules already initialized, skipping
Refreshing native plugins compatible for Editor in 0.22 ms, found 0 plugins.
Preloading 0 native plugins for Editor in 0.00 ms.
Unloading 1114 Unused Serialized files (Serialized files now loaded: 0)
System memory in use before: 60.8 MB.
System memory in use after: 60.9 MB.

Unloading 5 unused Assets to reduce memory usage. Loaded Objects now: 1636.
Total: 2.081300 ms (FindLiveObjects: 0.160300 ms CreateObjectMapping: 0.095700 ms MarkObjects: 1.772700 ms  DeleteObjects: 0.051200 ms)

========================================================================
Received Prepare
Registering precompiled user dll's ...
Registered in 0.000746 seconds.
Begin MonoManager ReloadAssembly
Native extension for WindowsStandalone target not found
Refreshing native plugins compatible for Editor in 0.26 ms, found 0 plugins.
Preloading 0 native plugins for Editor in 0.00 ms.
Mono: successfully reloaded assembly
- Completed reload, in  0.913 seconds
Platform modules already initialized, skipping
Refreshing native plugins compatible for Editor in 0.22 ms, found 0 plugins.
Preloading 0 native plugins for Editor in 0.00 ms.
Unloading 1114 Unused Serialized files (Serialized files now loaded: 0)
System memory in use before: 60.8 MB.
System memory in use after: 60.9 MB.

Unloading 5 unused Assets to reduce memory usage. Loaded Objects now: 1639.
Total: 1.918800 ms (FindLiveObjects: 0.153400 ms CreateObjectMapping: 0.042200 ms MarkObjects: 1.666000 ms  DeleteObjects: 0.056100 ms)

========================================================================
Received Prepare
Registering precompiled user dll's ...
Registered in 0.000580 seconds.
Begin MonoManager ReloadAssembly
Native extension for WindowsStandalone target not found
Refreshing native plugins compatible for Editor in 0.22 ms, found 0 plugins.
Preloading 0 native plugins for Editor in 0.00 ms.
Mono: successfully reloaded assembly
- Completed reload, in  0.948 seconds
Platform modules already initialized, skipping
Refreshing native plugins compatible for Editor in 0.20 ms, found 0 plugins.
Preloading 0 native plugins for Editor in 0.00 ms.
Unloading 1114 Unused Serialized files (Serialized files now loaded: 0)
System memory in use before: 60.8 MB.
System memory in use after: 60.9 MB.

Unloading 5 unused Assets to reduce memory usage. Loaded Objects now: 1642.
Total: 2.103800 ms (FindLiveObjects: 0.240900 ms CreateObjectMapping: 0.061100 ms MarkObjects: 1.703500 ms  DeleteObjects: 0.097100 ms)

========================================================================
Received Prepare
Registering precompiled user dll's ...
Registered in 0.000572 seconds.
Begin MonoManager ReloadAssembly
Native extension for WindowsStandalone target not found
Refreshing native plugins compatible for Editor in 0.42 ms, found 0 plugins.
Preloading 0 native plugins for Editor in 0.00 ms.
Mono: successfully reloaded assembly
- Completed reload, in  0.977 seconds
Platform modules already initialized, skipping
Refreshing native plugins compatible for Editor in 0.21 ms, found 0 plugins.
Preloading 0 native plugins for Editor in 0.00 ms.
Unloading 1114 Unused Serialized files (Serialized files now loaded: 0)
System memory in use before: 60.8 MB.
System memory in use after: 60.9 MB.

Unloading 5 unused Assets to reduce memory usage. Loaded Objects now: 1645.
Total: 1.725200 ms (FindLiveObjects: 0.163500 ms CreateObjectMapping: 0.040000 ms MarkObjects: 1.396400 ms  DeleteObjects: 0.124500 ms)

========================================================================
Received Import Request.
  Time since last request: 1485.265044 seconds.
  path: Assets/FBX/cart.fbx
  artifactKey: Guid(1db2f19ebf5b3af4da4b84fb44f15285) Importer(815301076,1909f56bfc062723c751e8b465ee728b)
Start importing Assets/FBX/cart.fbx using Guid(1db2f19ebf5b3af4da4b84fb44f15285) Importer(815301076,1909f56bfc062723c751e8b465ee728b)  -> (artifact id: 'd13ce50e5caf2e030177b0730c402147') in 0.126328 seconds
  Import took 0.129133 seconds .

========================================================================
Received Prepare
Registering precompiled user dll's ...
Registered in 0.001195 seconds.
Begin MonoManager ReloadAssembly
Native extension for WindowsStandalone target not found
Refreshing native plugins compatible for Editor in 0.25 ms, found 0 plugins.
Preloading 0 native plugins for Editor in 0.00 ms.
Mono: successfully reloaded assembly
- Completed reload, in  0.921 seconds
Platform modules already initialized, skipping
Refreshing native plugins compatible for Editor in 0.21 ms, found 0 plugins.
Preloading 0 native plugins for Editor in 0.00 ms.
Unloading 1114 Unused Serialized files (Serialized files now loaded: 0)
System memory in use before: 60.9 MB.
System memory in use after: 60.9 MB.

Unloading 5 unused Assets to reduce memory usage. Loaded Objects now: 1649.
Total: 1.821200 ms (FindLiveObjects: 0.175800 ms CreateObjectMapping: 0.038400 ms MarkObjects: 1.507100 ms  DeleteObjects: 0.099000 ms)

========================================================================
Received Prepare
Registering precompiled user dll's ...
Registered in 0.000594 seconds.
Begin MonoManager ReloadAssembly
Native extension for WindowsStandalone target not found
Refreshing native plugins compatible for Editor in 0.35 ms, found 0 plugins.
Preloading 0 native plugins for Editor in 0.00 ms.
Mono: successfully reloaded assembly
- Completed reload, in  0.877 seconds
Platform modules already initialized, skipping
Refreshing native plugins compatible for Editor in 0.20 ms, found 0 plugins.
Preloading 0 native plugins for Editor in 0.00 ms.
Unloading 1114 Unused Serialized files (Serialized files now loaded: 0)
System memory in use before: 60.9 MB.
System memory in use after: 61.0 MB.

Unloading 5 unused Assets to reduce memory usage. Loaded Objects now: 1652.
Total: 2.073100 ms (FindLiveObjects: 0.213900 ms CreateObjectMapping: 0.039400 ms MarkObjects: 1.710900 ms  DeleteObjects: 0.108000 ms)

========================================================================
Received Prepare
Registering precompiled user dll's ...
Registered in 0.000647 seconds.
Begin MonoManager ReloadAssembly
Native extension for WindowsStandalone target not found
Refreshing native plugins compatible for Editor in 0.24 ms, found 0 plugins.
Preloading 0 native plugins for Editor in 0.00 ms.
Mono: successfully reloaded assembly
- Completed reload, in  0.886 seconds
Platform modules already initialized, skipping
Refreshing native plugins compatible for Editor in 0.20 ms, found 0 plugins.
Preloading 0 native plugins for Editor in 0.00 ms.
Unloading 1114 Unused Serialized files (Serialized files now loaded: 0)
System memory in use before: 60.9 MB.
System memory in use after: 61.0 MB.

Unloading 5 unused Assets to reduce memory usage. Loaded Objects now: 1655.
Total: 2.029800 ms (FindLiveObjects: 0.241200 ms CreateObjectMapping: 0.042000 ms MarkObjects: 1.663800 ms  DeleteObjects: 0.081600 ms)

========================================================================
Received Import Request.
  Time since last request: 1373.414329 seconds.
  path: Assets/Scripts/CartRoute.cs
  artifactKey: Guid(3c3c722bb89d96743a0b3950f3258e5c) Importer(815301076,1909f56bfc062723c751e8b465ee728b)
Start importing Assets/Scripts/CartRoute.cs using Guid(3c3c722bb89d96743a0b3950f3258e5c) Importer(815301076,1909f56bfc062723c751e8b465ee728b)  -> (artifact id: '2948987b06b2c8e3f9cce8bb25a8eda0') in 0.019301 seconds
  Import took 0.039825 seconds .

========================================================================
Received Prepare
Registering precompiled user dll's ...
Registered in 0.000557 seconds.
Begin MonoManager ReloadAssembly
Native extension for WindowsStandalone target not found
Refreshing native plugins compatible for Editor in 0.23 ms, found 0 plugins.
Preloading 0 native plugins for Editor in 0.00 ms.
Mono: successfully reloaded assembly
- Completed reload, in  0.933 seconds
Platform modules already initialized, skipping
Refreshing native plugins compatible for Editor in 0.20 ms, found 0 plugins.
Preloading 0 native plugins for Editor in 0.00 ms.
Unloading 1114 Unused Serialized files (Serialized files now loaded: 0)
System memory in use before: 60.9 MB.
System memory in use after: 61.0 MB.

Unloading 5 unused Assets to reduce memory usage. Loaded Objects now: 1658.
Total: 2.352700 ms (FindLiveObjects: 0.303900 ms CreateObjectMapping: 0.082800 ms MarkObjects: 1.870500 ms  DeleteObjects: 0.082300 ms)

========================================================================
Received Prepare
Registering precompiled user dll's ...
Registered in 0.000732 seconds.
Begin MonoManager ReloadAssembly
Native extension for WindowsStandalone target not found
Refreshing native plugins compatible for Editor in 0.51 ms, found 0 plugins.
Preloading 0 native plugins for Editor in 0.00 ms.
Mono: successfully reloaded assembly
- Completed reload, in  0.924 seconds
Platform modules already initialized, skipping
Refreshing native plugins compatible for Editor in 0.20 ms, found 0 plugins.
Preloading 0 native plugins for Editor in 0.00 ms.
Unloading 1114 Unused Serialized files (Serialized files now loaded: 0)
System memory in use before: 60.9 MB.
System memory in use after: 61.0 MB.

Unloading 5 unused Assets to reduce memory usage. Loaded Objects now: 1661.
Total: 1.945200 ms (FindLiveObjects: 0.218900 ms CreateObjectMapping: 0.041100 ms MarkObjects: 1.606700 ms  DeleteObjects: 0.077600 ms)

========================================================================
Received Prepare
Registering precompiled user dll's ...
Registered in 0.000657 seconds.
Begin MonoManager ReloadAssembly
Native extension for WindowsStandalone target not found
Refreshing native plugins compatible for Editor in 0.22 ms, found 0 plugins.
Preloading 0 native plugins for Editor in 0.00 ms.
Mono: successfully reloaded assembly
- Completed reload, in  1.021 seconds
Platform modules already initialized, skipping
Refreshing native plugins compatible for Editor in 0.20 ms, found 0 plugins.
Preloading 0 native plugins for Editor in 0.00 ms.
Unloading 1135 Unused Serialized files (Serialized files now loaded: 0)
System memory in use before: 61.6 MB.
System memory in use after: 61.7 MB.

Unloading 5 unused Assets to reduce memory usage. Loaded Objects now: 1685.
Total: 2.053000 ms (FindLiveObjects: 0.317800 ms CreateObjectMapping: 0.085000 ms MarkObjects: 1.561700 ms  DeleteObjects: 0.087300 ms)

========================================================================
Received Import Request.
  Time since last request: 2533.851306 seconds.
  path: Packages/com.unity.ai.navigation
  artifactKey: Guid(778efc4a0d60607f97e733a30532487c) Importer(815301076,1909f56bfc062723c751e8b465ee728b)
Start importing Packages/com.unity.ai.navigation using Guid(778efc4a0d60607f97e733a30532487c) Importer(815301076,1909f56bfc062723c751e8b465ee728b)  -> (artifact id: 'a1bbb46c671da63d1c841e75ea57ee08') in 0.013376 seconds
  Import took 0.028415 seconds .

========================================================================
Received Import Request.
  Time since last request: 0.057990 seconds.
  path: Packages/com.unity.ai.navigation/package.json
  artifactKey: Guid(fbee67e09f48e4652bfa085460c895c7) Importer(815301076,1909f56bfc062723c751e8b465ee728b)
Start importing Packages/com.unity.ai.navigation/package.json using Guid(fbee67e09f48e4652bfa085460c895c7) Importer(815301076,1909f56bfc062723c751e8b465ee728b)  -> (artifact id: '80cd641ce6dfdbdf6910bf277c63ccce') in 0.038067 seconds
  Import took 0.057580 seconds .

========================================================================
Received Import Request.
  Time since last request: 3.589688 seconds.
  path: Packages/com.unity.ai.navigation/Editor
  artifactKey: Guid(63b588f3892bb4b5eb73ad3d2791e05c) Importer(815301076,1909f56bfc062723c751e8b465ee728b)
Start importing Packages/com.unity.ai.navigation/Editor using Guid(63b588f3892bb4b5eb73ad3d2791e05c) Importer(815301076,1909f56bfc062723c751e8b465ee728b)  -> (artifact id: '66d145025cc3c1fc426e62825a58b2a2') in 0.010241 seconds
  Import took 0.027020 seconds .

========================================================================
Received Import Request.
  Time since last request: 0.044023 seconds.
  path: Packages/com.unity.ai.navigation/Editor/Unity.AI.Navigation.Editor.asmdef
  artifactKey: Guid(86c9d8e67265f41469be06142c397d17) Importer(815301076,1909f56bfc062723c751e8b465ee728b)
Start importing Packages/com.unity.ai.navigation/Editor/Unity.AI.Navigation.Editor.asmdef using Guid(86c9d8e67265f41469be06142c397d17) Importer(815301076,1909f56bfc062723c751e8b465ee728b)  -> (artifact id: 'b4183ab594413957275dc9f87bf0dd29') in 0.009049 seconds
  Import took 0.019179 seconds .

========================================================================
Received Import Request.
  Time since last request: 13.053652 seconds.
  path: Packages/com.unity.ai.navigation/Editor/NavMeshSurfaceEditor.cs
  artifactKey: Guid(1c32167dbf3314852b6006a288eb449b) Importer(815301076,1909f56bfc062723c751e8b465ee728b)
Start importing Packages/com.unity.ai.navigation/Editor/NavMeshSurfaceEditor.cs using Guid(1c32167dbf3314852b6006a288eb449b) Importer(815301076,1909f56bfc062723c751e8b465ee728b)  -> (artifact id: 'cec68895113d9d6846a570a216b7325f') in 0.011056 seconds
  Import took 0.013675 seconds .

========================================================================
Received Import Request.
  Time since last request: 0.001078 seconds.
  path: Packages/com.unity.ai.navigation/Editor/NavMeshSurfaceEditor.cs
  artifactKey: Guid(1c32167dbf3314852b6006a288eb449b) Importer(815301076,1909f56bfc062723c751e8b465ee728b)
Start importing Packages/com.unity.ai.navigation/Editor/NavMeshSurfaceEditor.cs using Guid(1c32167dbf3314852b6006a288eb449b) Importer(815301076,1909f56bfc062723c751e8b465ee728b)  -> (artifact id: 'cec68895113d9d6846a570a216b7325f') in 0.043269 seconds
  Import took 0.045786 seconds .

AssetImportWorkerClient::OnTransportError - code=2 error=End of file
